<?xml version="1.0" encoding="UTF-8"?>
<!-- Generated by org.testng.reporters.JUnitXMLReporter -->
<testsuite ignored="0" hostname="sss-1YDWGY3" failures="0" tests="3" name="Default test" time="40.668" errors="0" timestamp="2024-12-27T04:59:35 CST">
  <testcase classname="tests.RecruitmentAddSearchandDeleteVacancy" name="addVacancyData" time="10.943"/>
  <testcase classname="tests.RecruitmentAddSearchandDeleteVacancy" name="searchVacancyData" time="1.364"/>
  <testcase classname="tests.RecruitmentAddSearchandDeleteVacancy" name="deleteAddedVacancy" time="1.127"/>
</testsuite> <!-- Default test -->
